<?xml version="1.0" encoding="UTF-8"?>
<!-- Generated by org.testng.reporters.JUnitReportReporter -->
<testsuite hostname="CFT7300056" name="account_operations.Insert_newOperations" tests="4" failures="0" timestamp="20 Sep 2020 16:38:56 GMT" time="4.345" errors="0">
  <testcase name="putData" time="3.576" classname="account_operations.Insert_newOperations"/>
  <testcase name="putData" time="0.229" classname="account_operations.Insert_newOperations"/>
  <testcase name="putData" time="0.298" classname="account_operations.Insert_newOperations"/>
  <testcase name="putData" time="0.242" classname="account_operations.Insert_newOperations"/>
</testsuite> <!-- account_operations.Insert_newOperations -->
