<?xml version="1.0" encoding="UTF-8"?>
<!-- Generated by org.testng.reporters.JUnitReportReporter -->
<testsuite hostname="CFT7300056" name="balance_calculation.starting_ending_logic" tests="1" failures="0" timestamp="20 Sep 2020 11:02:13 GMT" time="2.945" errors="0">
  <testcase name="putData" time="2.945" classname="balance_calculation.starting_ending_logic"/>
</testsuite> <!-- balance_calculation.starting_ending_logic -->
