<?xml version="1.0" encoding="UTF-8"?>
<!-- Generated by org.testng.reporters.JUnitReportReporter -->
<testsuite hostname="CFT7300056" name="balance_calculation.Insert_newOperations" tests="4" failures="0" timestamp="20 Sep 2020 12:35:20 GMT" time="3.948" errors="0">
  <testcase name="putData" time="0.296" classname="balance_calculation.Insert_newOperations"/>
  <testcase name="putData" time="0.232" classname="balance_calculation.Insert_newOperations"/>
  <testcase name="putData" time="3.194" classname="balance_calculation.Insert_newOperations"/>
  <testcase name="putData" time="0.226" classname="balance_calculation.Insert_newOperations"/>
</testsuite> <!-- balance_calculation.Insert_newOperations -->
